{"name": "检查注册功能", "status": "failed", "statusDetails": {"message": "AssertionError: assert '验证码不能为空' == '验证1码不能为空'\n  - 验证1码不能为空\n  ?   -\n  + 验证码不能为空", "trace": "self = <testcases.test_regist_page.TestRegistPage object at 0x045BDC40>\nusername = 'auto_m3RAKd', email = 'autotest@126.com', password = 'autotest'\nconfirm_pwd = 'autotest', captcha = ' ', expect = '验证1码不能为空'\n\n    @allure.title(\"检查注册功能\")\n    @pytest.mark.parametrize('username, email, password, confirm_pwd, captcha, expect', Reader.lines2list(ddt_folder + os.sep + \"regist_ddt.txt\"))\n    def test_regist(self, username, email, password, confirm_pwd, captcha, expect):\n        with allure.step(\"输入用户名\"):\n            self.regist_page.input_username(username)\n        with allure.step(\"输入邮箱\"):\n            self.regist_page.input_email(email)\n        with allure.step(\"输入密码\"):\n            self.regist_page.input_password(password)\n        with allure.step(\"输入确认密码\"):\n            self.regist_page.input_confirm_password(confirm_pwd)\n        with allure.step(\"输入验证码\"):\n            self.regist_page.input_captcha(captcha)\n        with allure.step(\"点击确认按钮\"):\n            self.regist_page.click_regist_btn()\n        with allure.step(\"点击alert确定\"):\n            WebDriverWait(self.driver, 5).until(EC.alert_is_present())\n            alert = self.driver.switch_to.alert\n>           assert alert.text == expect\nE           AssertionError: assert '验证码不能为空' == '验证1码不能为空'\nE             - 验证1码不能为空\nE             ?   -\nE             + 验证码不能为空\n\ntest_regist_page.py:53: AssertionError"}, "steps": [{"name": "输入用户名", "status": "passed", "start": 1606547388971, "stop": 1606547389139}, {"name": "输入邮箱", "status": "passed", "start": 1606547389139, "stop": 1606547389305}, {"name": "输入密码", "status": "passed", "start": 1606547389306, "stop": 1606547389461}, {"name": "输入确认密码", "status": "passed", "start": 1606547389461, "stop": 1606547389877}, {"name": "输入验证码", "status": "passed", "start": 1606547389877, "stop": 1606547390031}, {"name": "点击确认按钮", "status": "passed", "start": 1606547390031, "stop": 1606547392091}, {"name": "点击alert确定", "status": "failed", "statusDetails": {"message": "AssertionError: assert '验证码不能为空' == '验证1码不能为空'\n  - 验证1码不能为空\n  ?   -\n  + 验证码不能为空\n", "trace": "  File \"C:\\Users\\yangzhao\\Desktop\\Test4Jpress\\testcases\\test_regist_page.py\", line 53, in test_regist\n    assert alert.text == expect\n"}, "start": 1606547392091, "stop": 1606547392102}], "attachments": [{"name": "异常截图", "source": "8b3462e9-867c-4825-a586-46486c695e19-attachment.png", "type": "image/png"}], "parameters": [{"name": "username", "value": "'auto_m3RAKd'"}, {"name": "email", "value": "'autotest@126.com'"}, {"name": "password", "value": "'autotest'"}, {"name": "confirm_pwd", "value": "'autotest'"}, {"name": "captcha", "value": "' '"}, {"name": "expect", "value": "'验证1码不能为空'"}], "start": 1606547388971, "stop": 1606547392103, "uuid": "ac37df7b-1b4e-40d0-ae4f-9c47a4514d39", "historyId": "8599f08f3da5ee0ae93d4af680f032d6", "testCaseId": "bf2e19634ca0e8dd8e84faccedb03298", "fullName": "test_regist_page.TestRegistPage#test_regist", "labels": [{"name": "feature", "value": "用户注册页面"}, {"name": "suite", "value": "test_regist_page"}, {"name": "subSuite", "value": "TestRegistPage"}, {"name": "host", "value": "DESKTOP-0P11N3M"}, {"name": "thread", "value": "31928-MainThread"}, {"name": "framework", "value": "pytest"}, {"name": "language", "value": "cpython3"}, {"name": "package", "value": "test_regist_page"}]}